2026-03-31 02:30:38, MOVE, v:1, k:ed@buscas, mode:DOWN
2026-03-31 02:46:16, MOVE, v:1, k:ed@buscas, mode:PICK
2026-03-31 02:46:18, MOVE, v:1, k:ed@buscas, mode:BACK
2026-03-31 13:05:46, MOVE, v:1, k:ed@buscas, mode:PICK
2026-03-31 13:05:49, EXEC, v:1, k:ed@buscas, mode:FULL, rate:0, size:31
2026-03-31 13:06:23, EXEC, v:1, k:ed@buscas, mode:FULL, rate:0, size:31
2026-03-31 13:30:46, EXEC, v:1, k:ed@buscas, mode:FULL, rate:22, size:29
2026-03-31 13:36:31, MOVE, v:1, k:ed@buscas, mode:BACK
2026-03-31 13:39:17, MOVE, v:1, k:ed@buscas, mode:PICK
2026-03-31 13:39:18, EXEC, v:1, k:ed@buscas, mode:FULL, rate:22, size:29
2026-03-31 13:40:47, EXEC, v:1, k:ed@buscas, mode:FULL, rate:22, size:29
2026-03-31 13:41:12, MOVE, v:1, k:ed@buscas, mode:BACK
2026-03-31 13:42:02, MOVE, v:1, k:ed@buscas, mode:PICK
2026-03-31 13:42:04, MOVE, v:1, k:ed@buscas, mode:BACK
2026-03-31 13:42:08, MOVE, v:1, k:ed@princesa, mode:PICK
2026-03-31 13:56:17, MOVE, v:1, k:ed@princesa, mode:BACK
2026-03-31 13:56:20, MOVE, v:1, k:ed@princesa, mode:PICK
2026-03-31 14:29:49, MOVE, v:1, k:ed@princesa, mode:BACK
2026-03-31 22:55:15, MOVE, v:1, k:ed@buscas, mode:PICK
2026-03-31 22:55:19, EXEC, v:1, k:ed@buscas, mode:FULL, rate:22, size:29
2026-03-31 22:59:52, EXEC, v:1, k:ed@buscas, mode:FULL, rate:100, size:29
2026-03-31 23:00:29, MOVE, v:1, k:ed@buscas, mode:BACK
2026-03-31 23:00:33, MOVE, v:1, k:ed@buscas, mode:PICK
2026-03-31 23:01:17, MOVE, v:1, k:ed@buscas, mode:BACK
2026-03-31 23:01:58, MOVE, v:1, k:ed@buscas, mode:PICK
2026-03-31 23:06:40, EXEC, v:1, k:ed@buscas, mode:FULL, rate:100, size:28
2026-03-31 23:08:48, EXEC, v:1, k:ed@buscas, mode:FULL, rate:100
2026-03-31 23:08:56, EXEC, v:1, k:ed@buscas, mode:FULL, rate:100
2026-03-31 23:14:07, MOVE, v:1, k:ed@buscas, mode:BACK
2026-03-31 23:15:10, SELF, v:1, k:ed@buscas, self:1, rate:100, study:55, concept:1
2026-03-31 23:15:33, SELF, v:1, k:ed@buscas, self:1, rate:100, study:60, concept:1
