2026-04-07 13:16:09, MOVE, v:1, k:ed@treinando, mode:PICK
2026-04-07 13:31:01, EXEC, v:1, k:ed@treinando, mode:FULL, rate:0, size:104
2026-04-07 13:31:43, MOVE, v:1, k:ed@treinando, mode:BACK
2026-04-07 13:31:51, MOVE, v:1, k:ed@fractais, mode:DOWN
2026-04-07 13:32:12, MOVE, v:1, k:ed@fractais, mode:PICK
2026-04-07 13:32:15, EXEC, v:1, k:ed@fractais, mode:LOCK, rate:0, size:152
2026-04-07 13:32:32, EXEC, v:1, k:ed@fractais, mode:LOCK, rate:0
2026-04-07 13:36:04, MOVE, v:1, k:ed@fractais, mode:BACK
2026-04-07 13:41:48, MOVE, v:1, k:ed@fractais, mode:PICK
2026-04-07 13:41:49, EXEC, v:1, k:ed@fractais, mode:LOCK, rate:0
2026-04-07 13:42:37, MOVE, v:1, k:ed@fractais, mode:BACK
2026-04-07 13:46:25, EXEC, v:1, k:fractais_png@go, mode:FREE, size:136
2026-04-07 14:23:50, MOVE, v:1, k:ed@fractais_png, mode:PICK
2026-04-07 14:23:52, EXEC, v:1, k:ed@fractais_png, mode:FULL, size:138, fail:COMP
2026-04-07 14:23:56, MOVE, v:1, k:ed@fractais_png, mode:BACK
2026-04-07 14:23:57, MOVE, v:1, k:ed@fractais, mode:PICK
2026-04-07 14:23:58, EXEC, v:1, k:ed@fractais, mode:LOCK, rate:0
2026-04-07 14:24:00, MOVE, v:1, k:ed@fractais, mode:BACK
2026-04-07 14:34:31, MOVE, v:1, k:ed@fractais_png, mode:PICK
2026-04-07 14:37:36, EXEC, v:1, k:ed@fractais_png, mode:LOCK, rate:0, size:139
2026-04-07 14:37:43, EXEC, v:1, k:ed@fractais_png, mode:LOCK, rate:0
2026-04-07 14:38:09, MOVE, v:1, k:ed@fractais_png, mode:BACK
2026-04-07 14:38:29, MOVE, v:1, k:ed@fractais_png, mode:PICK
2026-04-07 14:38:30, EXEC, v:1, k:ed@fractais_png, mode:LOCK, rate:0
2026-04-07 14:38:33, MOVE, v:1, k:ed@fractais_png, mode:BACK
2026-04-07 14:38:41, MOVE, v:1, k:ed@fractais_png, mode:PICK
2026-04-07 14:43:24, EXEC, v:1, k:ed@fractais_png, mode:LOCK, rate:0
2026-04-07 14:43:27, MOVE, v:1, k:ed@fractais_png, mode:BACK
2026-04-07 14:45:05, MOVE, v:1, k:ed@fractais_png, mode:PICK
2026-04-07 14:45:11, EXEC, v:1, k:ed@fractais_png, mode:LOCK, rate:0
2026-04-07 14:45:13, EXEC, v:1, k:ed@fractais_png, mode:LOCK, rate:0
2026-04-07 14:45:15, EXEC, v:1, k:ed@fractais_png, mode:LOCK, rate:0
2026-04-07 14:46:12, EXEC, v:1, k:ed@fractais_png, mode:LOCK, rate:0, size:139
2026-04-07 14:46:26, EXEC, v:1, k:ed@fractais_png, mode:LOCK, rate:0, size:139
2026-04-07 14:46:59, EXEC, v:1, k:ed@fractais_png, mode:LOCK, rate:0, size:139
2026-04-07 14:47:02, EXEC, v:1, k:ed@fractais_png, mode:LOCK, rate:0
2026-04-07 14:47:04, EXEC, v:1, k:ed@fractais_png, mode:LOCK, rate:0
2026-04-07 14:48:41, MOVE, v:1, k:ed@fractais_png, mode:BACK
2026-04-07 20:17:24, MOVE, v:1, k:ed@treinando, mode:PICK
2026-04-07 20:17:27, EXEC, v:1, k:ed@treinando, mode:FULL, rate:0
2026-04-07 20:19:22, EXEC, v:1, k:ed@treinando, mode:FULL, rate:0, size:104
2026-04-07 20:19:43, EXEC, v:1, k:ed@treinando, mode:FULL, rate:0, size:104
2026-04-07 20:21:11, EXEC, v:1, k:ed@treinando, mode:FULL, rate:0, size:98
2026-04-07 20:25:50, EXEC, v:1, k:ed@treinando, mode:FULL, rate:0, size:102
2026-04-07 20:26:32, EXEC, v:1, k:ed@treinando, mode:FULL, rate:0, size:102
2026-04-07 20:27:49, EXEC, v:1, k:ed@treinando, mode:FULL, rate:0, size:102
2026-04-07 20:32:55, EXEC, v:1, k:ed@treinando, mode:FULL, rate:0, size:100
2026-04-07 20:33:49, EXEC, v:1, k:ed@treinando, mode:FULL, rate:0, size:99
2026-04-07 20:34:58, EXEC, v:1, k:ed@treinando, mode:FULL, rate:0
2026-04-07 20:36:01, EXEC, v:1, k:ed@treinando, mode:FULL, rate:0, size:99
2026-04-07 20:36:11, EXEC, v:1, k:ed@treinando, mode:FULL, rate:0, size:99
2026-04-07 20:37:07, EXEC, v:1, k:ed@treinando, mode:FULL, rate:16, size:99
2026-04-07 20:42:11, MOVE, v:1, k:ed@treinando, mode:BACK
2026-04-07 20:42:16, MOVE, v:1, k:ed@treinando, mode:PICK
2026-04-07 20:45:17, EXEC, v:1, k:ed@treinando, mode:FULL, rate:16, size:104
2026-04-07 20:51:10, EXEC, v:1, k:ed@treinando, mode:FULL, rate:16, size:111
2026-04-07 20:51:28, EXEC, v:1, k:ed@treinando, mode:FULL, rate:0, size:111
2026-04-07 20:51:52, MOVE, v:1, k:ed@treinando, mode:PICK
2026-04-07 20:51:53, EXEC, v:1, k:ed@treinando, mode:FULL, rate:0, size:111
2026-04-07 20:52:09, EXEC, v:1, k:ed@treinando, mode:FULL, rate:16, size:111
2026-04-07 20:57:44, EXEC, v:1, k:ed@treinando, mode:FULL, size:103, fail:COMP
2026-04-07 20:58:03, EXEC, v:1, k:ed@treinando, mode:FULL, rate:16, size:103
2026-04-07 21:03:13, EXEC, v:1, k:ed@treinando, mode:FULL, rate:16, size:114
2026-04-07 21:03:55, EXEC, v:1, k:ed@treinando, mode:FULL, rate:33, size:114
2026-04-07 21:18:25, EXEC, v:1, k:ed@treinando, mode:FULL, rate:50, size:122
2026-04-07 21:21:19, EXEC, v:1, k:ed@treinando, mode:FULL, rate:33, size:126
2026-04-07 21:22:22, EXEC, v:1, k:ed@treinando, mode:FULL, rate:50, size:122
2026-04-07 21:24:47, EXEC, v:1, k:ed@treinando, mode:FREE, size:131
2026-04-07 21:25:42, EXEC, v:1, k:ed@treinando, mode:LOCK, rate:0
2026-04-07 21:27:30, EXEC, v:1, k:ed@treinando, mode:LOCK, rate:0, size:131
2026-04-07 21:29:04, SELF, v:1, k:ed@treinando, self:1, rate:50
2026-04-07 21:29:05, EXEC, v:1, k:ed@treinando, mode:FULL, rate:66, size:128
2026-04-07 21:29:05, EXEC, v:1, k:ed@treinando, mode:FREE, size:128
2026-04-07 21:29:20, MOVE, v:1, k:ed@treinando, mode:BACK
2026-04-07 21:29:37, MOVE, v:1, k:ed@treinando, mode:PICK
2026-04-07 21:29:42, MOVE, v:1, k:ed@treinando, mode:BACK
2026-04-07 21:29:45, MOVE, v:1, k:ed@treinando, mode:PICK
2026-04-07 21:29:49, MOVE, v:1, k:ed@treinando, mode:BACK
2026-04-07 21:29:57, MOVE, v:1, k:ed@treinando, mode:PICK
2026-04-07 21:30:52, EXEC, v:1, k:ed@treinando, mode:FULL, rate:66, size:133
2026-04-07 21:31:53, EXEC, v:1, k:ed@treinando, mode:FULL, rate:66, size:133
2026-04-07 21:32:21, EXEC, v:1, k:ed@treinando, mode:FULL, rate:83, size:133
2026-04-07 21:32:51, EXEC, v:1, k:ed@treinando, mode:FULL, rate:66, size:133
2026-04-07 21:33:09, EXEC, v:1, k:ed@treinando, mode:FULL, rate:83, size:133
2026-04-07 21:33:14, MOVE, v:1, k:ed@treinando, mode:BACK
