2026-03-28 20:46:59, MOVE, v:1, k:ed@apagando, mode:PICK
2026-03-28 20:47:04, MOVE, v:1, k:ed@apagando, mode:BACK
2026-03-28 20:47:18, MOVE, v:1, k:ed@apagando, mode:PICK
2026-03-28 21:32:47, EXEC, v:1, k:ed@apagando, mode:FULL, rate:0, size:39
2026-03-28 21:33:20, EXEC, v:1, k:ed@apagando, mode:FULL, rate:0, size:39
2026-03-28 21:42:42, EXEC, v:1, k:ed@apagando, mode:FULL, rate:0, size:36
2026-03-28 21:43:19, EXEC, v:1, k:ed@apagando, mode:FULL, rate:0, size:36
2026-03-28 21:43:43, EXEC, v:1, k:ed@apagando, mode:FULL, rate:0, size:36
2026-03-28 21:43:56, EXEC, v:1, k:ed@apagando, mode:FULL, rate:0, size:36
2026-03-28 21:44:35, EXEC, v:1, k:ed@apagando, mode:FULL, rate:0, size:37
2026-03-28 21:44:45, EXEC, v:1, k:ed@apagando, mode:FULL, rate:0, size:37
2026-03-28 21:45:00, EXEC, v:1, k:ed@apagando, mode:FULL, rate:0, size:37
2026-03-28 21:49:14, EXEC, v:1, k:ed@apagando, mode:FULL, rate:0, size:38
2026-03-28 21:50:38, MOVE, v:1, k:ed@apagando, mode:BACK
2026-03-28 21:50:40, MOVE, v:1, k:ed@apagando, mode:PICK
2026-03-28 21:50:42, EXEC, v:1, k:ed@apagando, mode:FULL, rate:0
2026-03-28 22:04:21, EXEC, v:1, k:ed@apagando, mode:FULL, rate:100, size:38
2026-03-28 22:07:55, EXEC, v:1, k:ed@apagando, mode:FULL, rate:100, size:38
2026-03-28 22:08:28, MOVE, v:1, k:ed@apagando, mode:BACK
2026-03-28 22:10:41, SELF, v:1, k:ed@apagando, self:1, rate:100, study:90, concept:1
2026-03-28 23:57:24, MOVE, v:1, k:ed@rotacoes, mode:PICK
