2026-04-01 13:21:29, MOVE, v:1, k:ed@fractais_png, mode:DOWN
2026-04-01 13:21:32, MOVE, v:1, k:ed@fractais_png, mode:PICK
2026-04-01 13:21:35, MOVE, v:1, k:ed@fractais_png, mode:BACK
2026-04-01 13:22:23, MOVE, v:1, k:ed@eh_primo, mode:DOWN
2026-04-01 13:22:25, MOVE, v:1, k:ed@eh_primo, mode:PICK
2026-04-01 13:22:47, EXEC, v:1, k:ed@eh_primo, mode:FULL, rate:44, size:20
2026-04-01 13:25:01, MOVE, v:1, k:ed@eh_primo, mode:BACK
2026-04-01 13:26:36, MOVE, v:1, k:ed@resto, mode:DOWN
2026-04-01 13:50:59, MOVE, v:1, k:ed@treinando, mode:DOWN
2026-04-01 13:51:03, MOVE, v:1, k:ed@treinando, mode:PICK
2026-04-01 13:52:58, EXEC, v:1, k:ed@treinando, mode:FULL, rate:0, size:84
2026-04-01 13:53:33, MOVE, v:1, k:ed@treinando, mode:BACK
2026-04-01 13:53:58, MOVE, v:1, k:ed@mdc, mode:DOWN
2026-04-01 14:08:54, MOVE, v:1, k:ed@mdc, mode:PICK
2026-04-01 14:08:55, EXEC, v:1, k:ed@mdc, mode:FULL, rate:100, size:22
2026-04-01 14:09:08, EXEC, v:1, k:ed@mdc, mode:FULL, rate:100, size:21
2026-04-01 14:09:10, MOVE, v:1, k:ed@mdc, mode:BACK
2026-04-01 14:09:36, SELF, v:1, k:ed@mdc, self:1, rate:100, study:5, friend:Anna Rayca e Juliana
2026-04-01 14:09:55, MOVE, v:1, k:ed@mdc, mode:PICK
2026-04-01 14:09:59, EXEC, v:1, k:ed@mdc, mode:FULL, rate:100
2026-04-01 14:10:39, EXEC, v:1, k:ed@mdc, mode:FULL, rate:100
2026-04-01 14:10:55, EXEC, v:1, k:ed@mdc, mode:FULL, rate:100
2026-04-01 14:10:56, MOVE, v:1, k:ed@mdc, mode:BACK
2026-04-01 14:21:27, MOVE, v:1, k:ed@queimada, mode:DOWN
2026-04-01 14:26:55, MOVE, v:1, k:ed@queimada, mode:PICK
2026-04-01 14:26:56, EXEC, v:1, k:ed@queimada, mode:FULL, size:46, fail:COMP
2026-04-01 14:27:35, MOVE, v:1, k:ed@queimada, mode:BACK
2026-04-01 14:29:46, MOVE, v:1, k:ed@queimada, mode:PICK
2026-04-01 14:29:48, EXEC, v:1, k:ed@queimada, mode:FULL, size:49, fail:COMP
2026-04-01 14:29:49, EXEC, v:1, k:ed@queimada, mode:FULL, fail:COMP
