2026-04-03 02:28:02, MOVE, v:1, k:ed@resto, mode:PICK
2026-04-03 02:35:27, EXEC, v:1, k:ed@resto, mode:FULL, rate:0, size:16
2026-04-03 02:35:41, EXEC, v:1, k:ed@resto, mode:FULL, rate:0, size:16
2026-04-03 02:40:54, EXEC, v:1, k:ed@resto, mode:FULL, rate:0, size:23
2026-04-03 02:41:17, EXEC, v:1, k:ed@resto, mode:FULL, rate:0, size:23
2026-04-03 02:42:39, EXEC, v:1, k:ed@resto, mode:FULL, rate:0, size:23
2026-04-03 02:42:59, EXEC, v:1, k:ed@resto, mode:FULL, rate:0, size:22
2026-04-03 02:44:46, EXEC, v:1, k:ed@resto, mode:FULL, rate:0, size:22
2026-04-03 02:45:09, EXEC, v:1, k:ed@resto, mode:FULL, rate:0, size:22
2026-04-03 02:45:32, EXEC, v:1, k:ed@resto, mode:FULL, rate:0, size:18
2026-04-03 02:46:27, EXEC, v:1, k:ed@resto, mode:FULL, rate:0, size:16
2026-04-03 02:48:45, EXEC, v:1, k:ed@resto, mode:FULL, rate:0, size:19
2026-04-03 02:50:17, EXEC, v:1, k:ed@resto, mode:FULL, rate:0
2026-04-03 02:50:57, EXEC, v:1, k:ed@resto, mode:FULL, rate:100, size:19
2026-04-03 02:54:12, EXEC, v:1, k:ed@resto, mode:FULL, rate:100, size:20
2026-04-03 02:55:46, EXEC, v:1, k:ed@resto, mode:FULL, rate:100
2026-04-03 02:55:49, EXEC, v:1, k:ed@resto, mode:FULL, rate:100
2026-04-03 02:56:10, MOVE, v:1, k:ed@resto, mode:BACK
2026-04-03 02:56:18, MOVE, v:1, k:ed@resto, mode:PICK
2026-04-03 02:56:19, EXEC, v:1, k:ed@resto, mode:FULL, rate:100
2026-04-03 02:56:21, MOVE, v:1, k:ed@resto, mode:BACK
2026-04-03 02:57:19, SELF, v:1, k:ed@resto, self:1, rate:100, study:20, concept:1
2026-04-03 02:57:41, SELF, v:1, k:ed@mdc, self:1, rate:100, study:8, friend:Anna Rayca e Juliana
2026-04-03 02:58:12, SELF, v:1, k:ed@mdc, self:1, rate:100, study:8, friend:Anna Rayca e Juliana
2026-04-03 03:00:07, MOVE, v:1, k:ed@mdc, mode:PICK
2026-04-03 03:00:16, EXEC, v:1, k:ed@mdc, mode:FULL, rate:100
2026-04-03 03:00:21, MOVE, v:1, k:ed@mdc, mode:BACK
2026-04-03 03:00:25, MOVE, v:1, k:ed@resto, mode:PICK
2026-04-03 03:00:26, EXEC, v:1, k:ed@resto, mode:FULL, rate:100, size:20
2026-04-03 03:00:27, MOVE, v:1, k:ed@resto, mode:BACK
2026-04-03 03:01:21, MOVE, v:1, k:ed@resto, mode:PICK
2026-04-03 03:01:22, EXEC, v:1, k:ed@resto, mode:FULL, rate:100, size:20
2026-04-03 03:01:23, MOVE, v:1, k:ed@resto, mode:BACK
